2024-03-31T23:51:32.695+0300 INFO Could not detect default configuration classes for test class [com.example.openschoolthirdhomework.service.OrderServiceTest]: OrderServiceTest does not declare any static, non-private, non-final, nested classes annotated with @Configuration.
2024-03-31T23:51:32.891+0300 INFO Found @SpringBootConfiguration com.example.openschoolthirdhomework.OpenSchoolThirdHomeWorkApplication for test class com.example.openschoolthirdhomework.service.OrderServiceTest
2024-03-31T23:51:34.711+0300 INFO Starting OrderServiceTest using Java 19.0.2 with PID 7172 (started by Roman in C:\Users\Roman\IdeaProjects\OpenSchoolThirdHomeWork)
2024-03-31T23:51:34.740+0300 INFO No active profile set, falling back to 1 default profile: "default"
2024-03-31T23:51:35.761+0300 INFO Bootstrapping Spring Data JPA repositories in DEFAULT mode.
2024-03-31T23:51:35.851+0300 INFO Finished Spring Data repository scanning in 74 ms. Found 2 JPA repository interfaces.
2024-03-31T23:51:36.632+0300 INFO HHH000204: Processing PersistenceUnitInfo [name: default]
2024-03-31T23:51:36.736+0300 INFO HHH000412: Hibernate ORM core version 6.4.4.Final
2024-03-31T23:51:36.789+0300 INFO HHH000026: Second-level cache disabled
2024-03-31T23:51:36.936+0300 INFO No LoadTimeWeaver setup: ignoring JPA class transformer
2024-03-31T23:51:36.993+0300 INFO HikariPool-1 - Starting...
2024-03-31T23:51:37.265+0300 INFO HikariPool-1 - Added connection org.postgresql.jdbc.PgConnection@1da32baf
2024-03-31T23:51:37.267+0300 INFO HikariPool-1 - Start completed.
2024-03-31T23:51:37.310+0300 WARN HHH90000025: PostgreSQLDialect does not need to be specified explicitly using 'hibernate.dialect' (remove the property setting and it will be selected by default)
2024-03-31T23:51:38.553+0300 INFO HHH000489: No JTA platform available (set 'hibernate.transaction.jta.platform' to enable JTA platform integration)
2024-03-31T23:51:38.645+0300 INFO Initialized JPA EntityManagerFactory for persistence unit 'default'
2024-03-31T23:51:39.057+0300 INFO Hibernate is in classpath; If applicable, HQL parser will be used.
2024-03-31T23:51:39.918+0300 WARN spring.jpa.open-in-view is enabled by default. Therefore, database queries may be performed during view rendering. Explicitly configure spring.jpa.open-in-view to disable this warning
2024-03-31T23:51:40.483+0300 INFO Started OrderServiceTest in 6.23 seconds (process running for 9.631)
2024-03-31T23:51:51.586+0300 INFO Closing JPA EntityManagerFactory for persistence unit 'default'
2024-03-31T23:51:51.589+0300 INFO HikariPool-1 - Shutdown initiated...
2024-03-31T23:51:51.597+0300 INFO HikariPool-1 - Shutdown completed.
2024-03-31T23:55:06.743+0300 INFO Could not detect default configuration classes for test class [com.example.openschoolthirdhomework.service.OrderServiceTest]: OrderServiceTest does not declare any static, non-private, non-final, nested classes annotated with @Configuration.
2024-03-31T23:55:06.895+0300 INFO Found @SpringBootConfiguration com.example.openschoolthirdhomework.OpenSchoolThirdHomeWorkApplication for test class com.example.openschoolthirdhomework.service.OrderServiceTest
2024-03-31T23:55:08.646+0300 INFO Starting OrderServiceTest using Java 19.0.2 with PID 16288 (started by Roman in C:\Users\Roman\IdeaProjects\OpenSchoolThirdHomeWork)
2024-03-31T23:55:08.652+0300 INFO No active profile set, falling back to 1 default profile: "default"
2024-03-31T23:55:09.675+0300 INFO Bootstrapping Spring Data JPA repositories in DEFAULT mode.
2024-03-31T23:55:09.776+0300 INFO Finished Spring Data repository scanning in 85 ms. Found 2 JPA repository interfaces.
2024-03-31T23:55:10.643+0300 INFO HHH000204: Processing PersistenceUnitInfo [name: default]
2024-03-31T23:55:10.754+0300 INFO HHH000412: Hibernate ORM core version 6.4.4.Final
2024-03-31T23:55:10.799+0300 INFO HHH000026: Second-level cache disabled
2024-03-31T23:55:10.936+0300 INFO No LoadTimeWeaver setup: ignoring JPA class transformer
2024-03-31T23:55:10.971+0300 INFO HikariPool-1 - Starting...
2024-03-31T23:55:11.193+0300 INFO HikariPool-1 - Added connection org.postgresql.jdbc.PgConnection@4c91a008
2024-03-31T23:55:11.196+0300 INFO HikariPool-1 - Start completed.
2024-03-31T23:55:11.234+0300 WARN HHH90000025: PostgreSQLDialect does not need to be specified explicitly using 'hibernate.dialect' (remove the property setting and it will be selected by default)
2024-03-31T23:55:12.401+0300 INFO HHH000489: No JTA platform available (set 'hibernate.transaction.jta.platform' to enable JTA platform integration)
2024-03-31T23:55:12.487+0300 INFO Initialized JPA EntityManagerFactory for persistence unit 'default'
2024-03-31T23:55:12.893+0300 INFO Hibernate is in classpath; If applicable, HQL parser will be used.
2024-03-31T23:55:13.693+0300 WARN spring.jpa.open-in-view is enabled by default. Therefore, database queries may be performed during view rendering. Explicitly configure spring.jpa.open-in-view to disable this warning
2024-03-31T23:55:14.264+0300 INFO Started OrderServiceTest in 6.012 seconds (process running for 9.187)
2024-03-31T23:55:17.488+0300 INFO Closing JPA EntityManagerFactory for persistence unit 'default'
2024-03-31T23:55:17.492+0300 INFO HikariPool-1 - Shutdown initiated...
2024-03-31T23:55:17.501+0300 INFO HikariPool-1 - Shutdown completed.
2024-04-01T00:05:55.667+0300 INFO Could not detect default configuration classes for test class [com.example.openschoolthirdhomework.service.UserServiceTest]: UserServiceTest does not declare any static, non-private, non-final, nested classes annotated with @Configuration.
2024-04-01T00:05:55.796+0300 INFO Found @SpringBootConfiguration com.example.openschoolthirdhomework.OpenSchoolThirdHomeWorkApplication for test class com.example.openschoolthirdhomework.service.UserServiceTest
2024-04-01T00:05:57.523+0300 INFO Starting UserServiceTest using Java 19.0.2 with PID 1180 (started by Roman in C:\Users\Roman\IdeaProjects\OpenSchoolThirdHomeWork)
2024-04-01T00:05:57.532+0300 INFO No active profile set, falling back to 1 default profile: "default"
2024-04-01T00:05:58.602+0300 INFO Bootstrapping Spring Data JPA repositories in DEFAULT mode.
2024-04-01T00:05:58.697+0300 INFO Finished Spring Data repository scanning in 81 ms. Found 2 JPA repository interfaces.
2024-04-01T00:05:59.455+0300 INFO HHH000204: Processing PersistenceUnitInfo [name: default]
2024-04-01T00:05:59.523+0300 INFO HHH000412: Hibernate ORM core version 6.4.4.Final
2024-04-01T00:05:59.570+0300 INFO HHH000026: Second-level cache disabled
2024-04-01T00:05:59.685+0300 INFO No LoadTimeWeaver setup: ignoring JPA class transformer
2024-04-01T00:05:59.716+0300 INFO HikariPool-1 - Starting...
2024-04-01T00:05:59.919+0300 INFO HikariPool-1 - Added connection org.postgresql.jdbc.PgConnection@323c6f9c
2024-04-01T00:05:59.922+0300 INFO HikariPool-1 - Start completed.
2024-04-01T00:05:59.954+0300 WARN HHH90000025: PostgreSQLDialect does not need to be specified explicitly using 'hibernate.dialect' (remove the property setting and it will be selected by default)
2024-04-01T00:06:00.893+0300 INFO HHH000489: No JTA platform available (set 'hibernate.transaction.jta.platform' to enable JTA platform integration)
2024-04-01T00:06:00.984+0300 INFO Initialized JPA EntityManagerFactory for persistence unit 'default'
2024-04-01T00:06:01.338+0300 INFO Hibernate is in classpath; If applicable, HQL parser will be used.
2024-04-01T00:06:02.042+0300 WARN spring.jpa.open-in-view is enabled by default. Therefore, database queries may be performed during view rendering. Explicitly configure spring.jpa.open-in-view to disable this warning
2024-04-01T00:06:02.591+0300 INFO Started UserServiceTest in 5.485 seconds (process running for 8.386)
2024-04-01T00:06:02.923+0300 INFO Closing JPA EntityManagerFactory for persistence unit 'default'
2024-04-01T00:06:02.926+0300 INFO HikariPool-1 - Shutdown initiated...
2024-04-01T00:06:02.936+0300 INFO HikariPool-1 - Shutdown completed.
2024-04-01T00:07:13.300+0300 INFO Could not detect default configuration classes for test class [com.example.openschoolthirdhomework.service.OrderServiceTest]: OrderServiceTest does not declare any static, non-private, non-final, nested classes annotated with @Configuration.
2024-04-01T00:07:13.470+0300 INFO Found @SpringBootConfiguration com.example.openschoolthirdhomework.OpenSchoolThirdHomeWorkApplication for test class com.example.openschoolthirdhomework.service.OrderServiceTest
2024-04-01T00:07:15.311+0300 INFO Starting OrderServiceTest using Java 19.0.2 with PID 18152 (started by Roman in C:\Users\Roman\IdeaProjects\OpenSchoolThirdHomeWork)
2024-04-01T00:07:15.321+0300 INFO No active profile set, falling back to 1 default profile: "default"
2024-04-01T00:07:16.264+0300 INFO Bootstrapping Spring Data JPA repositories in DEFAULT mode.
2024-04-01T00:07:16.347+0300 INFO Finished Spring Data repository scanning in 70 ms. Found 2 JPA repository interfaces.
2024-04-01T00:07:17.067+0300 INFO HHH000204: Processing PersistenceUnitInfo [name: default]
2024-04-01T00:07:17.139+0300 INFO HHH000412: Hibernate ORM core version 6.4.4.Final
2024-04-01T00:07:17.175+0300 INFO HHH000026: Second-level cache disabled
2024-04-01T00:07:17.321+0300 INFO No LoadTimeWeaver setup: ignoring JPA class transformer
2024-04-01T00:07:17.349+0300 INFO HikariPool-1 - Starting...
2024-04-01T00:07:17.522+0300 INFO HikariPool-1 - Added connection org.postgresql.jdbc.PgConnection@4e02f17d
2024-04-01T00:07:17.524+0300 INFO HikariPool-1 - Start completed.
2024-04-01T00:07:17.560+0300 WARN HHH90000025: PostgreSQLDialect does not need to be specified explicitly using 'hibernate.dialect' (remove the property setting and it will be selected by default)
2024-04-01T00:07:18.661+0300 INFO HHH000489: No JTA platform available (set 'hibernate.transaction.jta.platform' to enable JTA platform integration)
2024-04-01T00:07:18.750+0300 INFO Initialized JPA EntityManagerFactory for persistence unit 'default'
2024-04-01T00:07:19.114+0300 INFO Hibernate is in classpath; If applicable, HQL parser will be used.
2024-04-01T00:07:19.801+0300 WARN spring.jpa.open-in-view is enabled by default. Therefore, database queries may be performed during view rendering. Explicitly configure spring.jpa.open-in-view to disable this warning
2024-04-01T00:07:20.336+0300 INFO Started OrderServiceTest in 5.501 seconds (process running for 8.51)
2024-04-01T00:07:20.706+0300 INFO Closing JPA EntityManagerFactory for persistence unit 'default'
2024-04-01T00:07:20.708+0300 INFO HikariPool-1 - Shutdown initiated...
2024-04-01T00:07:20.717+0300 INFO HikariPool-1 - Shutdown completed.
